Release 14.7 - xst P.20131013 (nt64)
Copyright (c) 1995-2013 Xilinx, Inc.  All rights reserved.
--> Parameter TMPDIR set to xst/projnav.tmp


Total REAL time to Xst completion: 0.00 secs
Total CPU time to Xst completion: 0.17 secs
 
--> Parameter xsthdpdir set to xst


Total REAL time to Xst completion: 0.00 secs
Total CPU time to Xst completion: 0.18 secs
 
--> Reading design: addsub.prj

TABLE OF CONTENTS
  1) Synthesis Options Summary
  2) HDL Compilation
  3) Design Hierarchy Analysis
  4) HDL Analysis
  5) HDL Synthesis
     5.1) HDL Synthesis Report
  6) Advanced HDL Synthesis
     6.1) Advanced HDL Synthesis Report
  7) Low Level Synthesis
  8) Partition Report
  9) Final Report
	9.1) Device utilization summary
	9.2) Partition Resource Summary
	9.3) TIMING REPORT


=========================================================================
*                      Synthesis Options Summary                        *
=========================================================================
---- Source Parameters
Input File Name                    : "addsub.prj"
Input Format                       : mixed
Ignore Synthesis Constraint File   : NO

---- Target Parameters
Output File Name                   : "addsub"
Output Format                      : NGC
Target Device                      : xc3s500e-4-fg320

---- Source Options
Top Module Name                    : addsub
Automatic FSM Extraction           : YES
FSM Encoding Algorithm             : Auto
Safe Implementation                : No
FSM Style                          : LUT
RAM Extraction                     : Yes
RAM Style                          : Auto
ROM Extraction                     : Yes
Mux Style                          : Auto
Decoder Extraction                 : YES
Priority Encoder Extraction        : Yes
Shift Register Extraction          : YES
Logical Shifter Extraction         : YES
XOR Collapsing                     : YES
ROM Style                          : Auto
Mux Extraction                     : Yes
Resource Sharing                   : YES
Asynchronous To Synchronous        : NO
Multiplier Style                   : Auto
Automatic Register Balancing       : No

---- Target Options
Add IO Buffers                     : YES
Global Maximum Fanout              : 500
Add Generic Clock Buffer(BUFG)     : 24
Register Duplication               : YES
Slice Packing                      : YES
Optimize Instantiated Primitives   : NO
Use Clock Enable                   : Yes
Use Synchronous Set                : Yes
Use Synchronous Reset              : Yes
Pack IO Registers into IOBs        : Auto
Equivalent register Removal        : YES

---- General Options
Optimization Goal                  : Speed
Optimization Effort                : 1
Keep Hierarchy                     : No
Netlist Hierarchy                  : As_Optimized
RTL Output                         : Yes
Global Optimization                : AllClockNets
Read Cores                         : YES
Write Timing Constraints           : NO
Cross Clock Analysis               : NO
Hierarchy Separator                : /
Bus Delimiter                      : <>
Case Specifier                     : Maintain
Slice Utilization Ratio            : 100
BRAM Utilization Ratio             : 100
Verilog 2001                       : YES
Auto BRAM Packing                  : NO
Slice Utilization Ratio Delta      : 5

=========================================================================


=========================================================================
*                          HDL Compilation                              *
=========================================================================
Compiling verilog file "addsub.v" in library work
Module <addsub> compiled
No errors in compilation
Analysis of file <"addsub.prj"> succeeded.
 

=========================================================================
*                     Design Hierarchy Analysis                         *
=========================================================================
Analyzing hierarchy for module <addsub> in library <work>.


=========================================================================
*                            HDL Analysis                               *
=========================================================================
Analyzing top module <addsub>.
WARNING:Xst:905 - "addsub.v" line 27: One or more signals are missing in the sensitivity list of always block. To enable synthesis of FPGA/CPLD hardware, XST will assume that all necessary signals are present in the sensitivity list. Please note that the result of the synthesis may differ from the initial design specification. The missing signals are:
   <op>, <A>, <B>
Module <addsub> is correct for synthesis.
 

=========================================================================
*                           HDL Synthesis                               *
=========================================================================

Performing bidirectional port resolution...

Synthesizing Unit <addsub>.
    Related source file is "addsub.v".
    Found 16-bit addsub for signal <out>.
    Summary:
	inferred   1 Adder/Subtractor(s).
Unit <addsub> synthesized.

INFO:Xst:1767 - HDL ADVISOR - Resource sharing has identified that some arithmetic operations in this design can share the same physical resources for reduced device utilization. For improved clock frequency you may try to disable resource sharing.

=========================================================================
HDL Synthesis Report

Macro Statistics
# Adders/Subtractors                                   : 1
 16-bit addsub                                         : 1

=========================================================================

=========================================================================
*                       Advanced HDL Synthesis                          *
=========================================================================


=========================================================================
Advanced HDL Synthesis Report

Macro Statistics
# Adders/Subtractors                                   : 1
 16-bit addsub                                         : 1

=========================================================================

=========================================================================
*                         Low Level Synthesis                           *
=========================================================================

Optimizing unit <addsub> ...

Mapping all equations...
Building and optimizing final netlist ...
Found area constraint ratio of 100 (+ 5) on block addsub, actual ratio is 0.

Final Macro Processing ...

=========================================================================
Final Register Report

Found no macro
=========================================================================

=========================================================================
*                           Partition Report                            *
=========================================================================

Partition Implementation Status
-------------------------------

  No Partitions were found in this design.

-------------------------------

=========================================================================
*                            Final Report                               *
=========================================================================
Final Results
RTL Top Level Output File Name     : addsub.ngr
Top Level Output File Name         : addsub
Output Format                      : NGC
Optimization Goal                  : Speed
Keep Hierarchy                     : No

Design Statistics
# IOs                              : 49

Cell Usage :
# BELS                             : 47
#      LUT3                        : 16
#      MUXCY                       : 15
#      XORCY                       : 16
# IO Buffers                       : 49
#      IBUF                        : 33
#      OBUF                        : 16
=========================================================================

Device utilization summary:
---------------------------

Selected Device : 3s500efg320-4 

 Number of Slices:                        8  out of   4656     0%  
 Number of 4 input LUTs:                 16  out of   9312     0%  
 Number of IOs:                          49
 Number of bonded IOBs:                  49  out of    232    21%  

---------------------------
Partition Resource Summary:
---------------------------

  No Partitions were found in this design.

---------------------------


=========================================================================
TIMING REPORT

NOTE: THESE TIMING NUMBERS ARE ONLY A SYNTHESIS ESTIMATE.
      FOR ACCURATE TIMING INFORMATION PLEASE REFER TO THE TRACE REPORT
      GENERATED AFTER PLACE-and-ROUTE.

Clock Information:
------------------
No clock signals found in this design

Asynchronous Control Signals Information:
----------------------------------------
No asynchronous control signals found in this design

Timing Summary:
---------------
Speed Grade: -4

   Minimum period: No path found
   Minimum input arrival time before clock: No path found
   Maximum output required time after clock: No path found
   Maximum combinational path delay: 8.794ns

Timing Detail:
--------------
All values displayed in nanoseconds (ns)

=========================================================================
Timing constraint: Default path analysis
  Total number of paths / destination ports: 544 / 16
-------------------------------------------------------------------------
Delay:               8.794ns (Levels of Logic = 19)
  Source:            op (PAD)
  Destination:       out<15> (PAD)

  Data Path: op to out<15>
                                Gate     Net
    Cell:in->out      fanout   Delay   Delay  Logical Name (Net Name)
    ----------------------------------------  ------------
     IBUF:I->O            17   1.218   1.086  op_IBUF (op1)
     LUT3:I2->O            1   0.704   0.000  Maddsub_out_lut<0> (Maddsub_out_lut<0>)
     MUXCY:S->O            1   0.464   0.000  Maddsub_out_cy<0> (Maddsub_out_cy<0>)
     MUXCY:CI->O           1   0.059   0.000  Maddsub_out_cy<1> (Maddsub_out_cy<1>)
     MUXCY:CI->O           1   0.059   0.000  Maddsub_out_cy<2> (Maddsub_out_cy<2>)
     MUXCY:CI->O           1   0.059   0.000  Maddsub_out_cy<3> (Maddsub_out_cy<3>)
     MUXCY:CI->O           1   0.059   0.000  Maddsub_out_cy<4> (Maddsub_out_cy<4>)
     MUXCY:CI->O           1   0.059   0.000  Maddsub_out_cy<5> (Maddsub_out_cy<5>)
     MUXCY:CI->O           1   0.059   0.000  Maddsub_out_cy<6> (Maddsub_out_cy<6>)
     MUXCY:CI->O           1   0.059   0.000  Maddsub_out_cy<7> (Maddsub_out_cy<7>)
     MUXCY:CI->O           1   0.059   0.000  Maddsub_out_cy<8> (Maddsub_out_cy<8>)
     MUXCY:CI->O           1   0.059   0.000  Maddsub_out_cy<9> (Maddsub_out_cy<9>)
     MUXCY:CI->O           1   0.059   0.000  Maddsub_out_cy<10> (Maddsub_out_cy<10>)
     MUXCY:CI->O           1   0.059   0.000  Maddsub_out_cy<11> (Maddsub_out_cy<11>)
     MUXCY:CI->O           1   0.059   0.000  Maddsub_out_cy<12> (Maddsub_out_cy<12>)
     MUXCY:CI->O           1   0.059   0.000  Maddsub_out_cy<13> (Maddsub_out_cy<13>)
     MUXCY:CI->O           0   0.059   0.000  Maddsub_out_cy<14> (Maddsub_out_cy<14>)
     XORCY:CI->O           1   0.804   0.420  Maddsub_out_xor<15> (out_15_OBUF)
     OBUF:I->O                 3.272          out_15_OBUF (out<15>)
    ----------------------------------------
    Total                      8.794ns (7.288ns logic, 1.506ns route)
                                       (82.9% logic, 17.1% route)

=========================================================================


Total REAL time to Xst completion: 10.00 secs
Total CPU time to Xst completion: 10.48 secs
 
--> 

Total memory usage is 290124 kilobytes

Number of errors   :    0 (   0 filtered)
Number of warnings :    1 (   0 filtered)
Number of infos    :    1 (   0 filtered)

